Alarm.Acknowledge
Alarm.Create
Alarm.Delete
Alarm.DisableActions
Alarm.Edit
Alarm.SetStatus
Authorization.ModifyPermissions
Authorization.ModifyRoles
Authorization.ReassignRolePermissions
DVPortgroup.Create
DVPortgroup.Delete
DVPortgroup.Modify
DVPortgroup.PolicyOp
DVPortgroup.ScopeOp
DVSwitch.Create
DVSwitch.Delete
DVSwitch.HostOp
DVSwitch.Modify
DVSwitch.Move
DVSwitch.PolicyOp
DVSwitch.PortConfig
DVSwitch.PortSetting
DVSwitch.ResourceManagement
DVSwitch.Vspan
Datacenter.Create
Datacenter.Delete
Datacenter.IpPoolConfig
Datacenter.Move
Datacenter.Rename
Datastore.AllocateSpace
Datastore.Browse
Datastore.Config
Datastore.Delete
Datastore.DeleteFile
Datastore.FileManagement
Datastore.Move
Datastore.Rename
Datastore.UpdateVirtualMachineFiles
Extension.Register
Extension.Unregister
Extension.Update
Folder.Create
Folder.Delete
Folder.Move
Folder.Rename
Global.CancelTask
Global.CapacityPlanning
Global.Diagnostics
Global.DisableMethods
Global.EnableMethods
Global.GlobalTag
Global.Health
Global.Licenses
Global.LogEvent
Global.ManageCustomFields
Global.Proxy
Global.ScriptAction
Global.ServiceManagers
Global.SetCustomField
Global.Settings
Global.SystemTag
Global.VCServer
Host.Cim.CimInteraction
Host.Config.AdvancedConfig
Host.Config.AuthenticationStore
Host.Config.AutoStart
Host.Config.Connection
Host.Config.DateTime
Host.Config.Firmware
Host.Config.HyperThreading
Host.Config.Maintenance
Host.Config.Memory
Host.Config.NetService
Host.Config.Network
Host.Config.Patch
Host.Config.PciPassthru
Host.Config.Power
Host.Config.Resources
Host.Config.Settings
Host.Config.Snmp
Host.Config.Storage
Host.Config.SystemManagement
Host.Inventory.AddHostToCluster
Host.Inventory.AddStandaloneHost
Host.Inventory.CreateCluster
Host.Inventory.DeleteCluster
Host.Inventory.EditCluster
Host.Inventory.MoveCluster
Host.Inventory.MoveHost
Host.Inventory.RemoveHostFromCluster
Host.Inventory.RenameCluster
Host.Local.CreateVM
Host.Local.DeleteVM
Host.Local.InstallAgent
Host.Local.ManageUserGroups
Host.Local.ReconfigVM
Network.Assign
Network.Config
Network.Delete
Network.Move
Performance.ModifyIntervals
Profile.Clear
Profile.Create
Profile.Delete
Profile.Edit
Profile.Export
Profile.View
Resource.ApplyRecommendation
Resource.AssignVAppToPool
Resource.AssignVMToPool
Resource.ColdMigrate
Resource.CreatePool
Resource.DeletePool
Resource.EditPool
Resource.HotMigrate
Resource.MovePool
Resource.QueryVMotion
Resource.RenamePool
ScheduledTask.Create
ScheduledTask.Delete
ScheduledTask.Edit
ScheduledTask.Run
Sessions.GlobalMessage
Sessions.ImpersonateUser
Sessions.TerminateSession
Sessions.ValidateSession
System.Anonymous
System.Read
System.View
Task.Create
Task.Update
VApp.ApplicationConfig
VApp.AssignResourcePool
VApp.AssignVApp
VApp.AssignVM
VApp.Clone
VApp.Create
VApp.Delete
VApp.Export
VApp.ExtractOvfEnvironment
VApp.Import
VApp.InstanceConfig
VApp.Move
VApp.PowerOff
VApp.PowerOn
VApp.Rename
VApp.ResourceConfig
VApp.Suspend
VApp.Unregister
VRMPolicy.Query
VRMPolicy.Update
VirtualMachine.Config.AddExistingDisk
VirtualMachine.Config.AddNewDisk
VirtualMachine.Config.AddRemoveDevice
VirtualMachine.Config.AdvancedConfig
VirtualMachine.Config.CPUCount
VirtualMachine.Config.ChangeTracking
VirtualMachine.Config.DiskExtend
VirtualMachine.Config.DiskLease
VirtualMachine.Config.EditDevice
VirtualMachine.Config.HostUSBDevice
VirtualMachine.Config.Memory
VirtualMachine.Config.QueryFTCompatibility
VirtualMachine.Config.QueryUnownedFiles
VirtualMachine.Config.RawDevice
VirtualMachine.Config.ReloadFromPath
VirtualMachine.Config.RemoveDisk
VirtualMachine.Config.Rename
VirtualMachine.Config.ResetGuestInfo
VirtualMachine.Config.Resource
VirtualMachine.Config.Settings
VirtualMachine.Config.SwapPlacement
VirtualMachine.Config.Unlock
VirtualMachine.Config.UpgradeVirtualHardware
VirtualMachine.Interact.AnswerQuestion
VirtualMachine.Interact.Backup
VirtualMachine.Interact.ConsoleInteract
VirtualMachine.Interact.CreateScreenshot
VirtualMachine.Interact.CreateSecondary
VirtualMachine.Interact.DefragmentAllDisks
VirtualMachine.Interact.DeviceConnection
VirtualMachine.Interact.DisableSecondary
VirtualMachine.Interact.EnableSecondary
VirtualMachine.Interact.GuestControl
VirtualMachine.Interact.MakePrimary
VirtualMachine.Interact.PowerOff
VirtualMachine.Interact.PowerOn
VirtualMachine.Interact.Record
VirtualMachine.Interact.Replay
VirtualMachine.Interact.Reset
VirtualMachine.Interact.SetCDMedia
VirtualMachine.Interact.SetFloppyMedia
VirtualMachine.Interact.Suspend
VirtualMachine.Interact.TerminateFaultTolerantVM
VirtualMachine.Interact.ToolsInstall
VirtualMachine.Interact.TurnOffFaultTolerance
VirtualMachine.Inventory.Create
VirtualMachine.Inventory.CreateFromExisting
VirtualMachine.Inventory.Delete
VirtualMachine.Inventory.Move
VirtualMachine.Inventory.Register
VirtualMachine.Inventory.Unregister
VirtualMachine.Provisioning.Clone
VirtualMachine.Provisioning.CloneTemplate
VirtualMachine.Provisioning.CreateTemplateFromVM
VirtualMachine.Provisioning.Customize
VirtualMachine.Provisioning.DeployTemplate
VirtualMachine.Provisioning.DiskRandomAccess
VirtualMachine.Provisioning.DiskRandomRead
VirtualMachine.Provisioning.GetVmFiles
VirtualMachine.Provisioning.MarkAsTemplate
VirtualMachine.Provisioning.MarkAsVM
VirtualMachine.Provisioning.ModifyCustSpecs
VirtualMachine.Provisioning.PromoteDisks
VirtualMachine.Provisioning.PutVmFiles
VirtualMachine.Provisioning.ReadCustSpecs
VirtualMachine.State.CreateSnapshot
VirtualMachine.State.RemoveSnapshot
VirtualMachine.State.RenameSnapshot
VirtualMachine.State.RevertToSnapshot
